/*C3*/SET SCHEMA PUBLIC
CONNECT USER SA
SET AUTOCOMMIT FALSE
INSERT INTO SALE VALUES(14,'2013-11-27 16:21:29.636000000',1)
INSERT INTO SOLDITEM VALUES(19,14,3,'P\u00e4hklid',1,10.0)
INSERT INTO SOLDITEM VALUES(20,14,4,'K\u00f5rsikud ',6,7.0)
DELETE FROM STOCKITEM WHERE ID=3
INSERT INTO STOCKITEM VALUES(3,'P\u00e4hklid',10.0,59,NULL)
DELETE FROM STOCKITEM WHERE ID=4
INSERT INTO STOCKITEM VALUES(4,'K\u00f5rsikud ',7.0,24,NULL)
COMMIT
DISCONNECT
/*C4*/SET SCHEMA PUBLIC
CONNECT USER SA
SET AUTOCOMMIT FALSE
DISCONNECT
/*C5*/SET SCHEMA PUBLIC
CONNECT USER SA
SET AUTOCOMMIT FALSE
DISCONNECT
/*C6*/SET SCHEMA PUBLIC
CONNECT USER SA
SET AUTOCOMMIT FALSE
INSERT INTO SALE VALUES(15,'2013-11-27 17:30:11.231000000',1)
INSERT INTO SOLDITEM VALUES(21,15,2,'\u00d5lle vorstikesed',10,15.0)
INSERT INTO SOLDITEM VALUES(22,15,5,'kohv',1,19.0)
DELETE FROM STOCKITEM WHERE ID=2
INSERT INTO STOCKITEM VALUES(2,'\u00d5lle vorstikesed',15.0,32,NULL)
DELETE FROM STOCKITEM WHERE ID=5
INSERT INTO STOCKITEM VALUES(5,'kohv',19.0,19,'')
COMMIT
/*C7*/SET SCHEMA PUBLIC
CONNECT USER SA
/*C6*/INSERT INTO STOCKITEM VALUES(6,'Tere piim',13.7,12,'')
COMMIT
INSERT INTO SALE VALUES(16,'2013-11-27 17:32:52.688000000',1)
INSERT INTO SOLDITEM VALUES(23,16,6,'Tere piim',1,13.7)
DELETE FROM STOCKITEM WHERE ID=6
INSERT INTO STOCKITEM VALUES(6,'Tere piim',13.7,11,'')
COMMIT
DISCONNECT
/*C7*/DISCONNECT
